{"C:\\Users\\h'p\\Desktop\\千千\\Rice\\COMP531\\AS5\\hw5-Ericleah\\mocks\\fileMock.js": {"path":"C:\\Users\\h'p\\Desktop\\千千\\Rice\\COMP531\\AS5\\hw5-Ericleah\\mocks\\fileMock.js","statementMap":{"0":{"start":{"line":1,"column":0},"end":{"line":1,"column":34}}},"fnMap":{},"branchMap":{},"s":{"0":2},"f":{},"b":{},"_coverageSchema":"1a1c01bbd47fc00a2c39e90264f33305004495a9","hash":"f4f88e7cb6a398766cfec1d9af3f53fcaf40488c"}
,"C:\\Users\\h'p\\Desktop\\千千\\Rice\\COMP531\\AS5\\hw5-Ericleah\\mocks\\styleMock.js": {"path":"C:\\Users\\h'p\\Desktop\\千千\\Rice\\COMP531\\AS5\\hw5-Ericleah\\mocks\\styleMock.js","statementMap":{"0":{"start":{"line":1,"column":0},"end":{"line":1,"column":20}}},"fnMap":{},"branchMap":{},"s":{"0":6},"f":{},"b":{},"_coverageSchema":"1a1c01bbd47fc00a2c39e90264f33305004495a9","hash":"9986880119501509f1185ee88b1d3eacae1b8cdf"}
,"C:\\Users\\h'p\\Desktop\\千千\\Rice\\COMP531\\AS5\\hw5-Ericleah\\src\\actions\\authActions.js": {"path":"C:\\Users\\h'p\\Desktop\\千千\\Rice\\COMP531\\AS5\\hw5-Ericleah\\src\\actions\\authActions.js","statementMap":{"0":{"start":{"line":4,"column":21},"end":{"line":4,"column":47}},"1":{"start":{"line":5,"column":24},"end":{"line":5,"column":53}},"2":{"start":{"line":6,"column":22},"end":{"line":6,"column":49}}},"fnMap":{},"branchMap":{},"s":{"0":4,"1":4,"2":4},"f":{},"b":{},"_coverageSchema":"1a1c01bbd47fc00a2c39e90264f33305004495a9","hash":"7885fea2373fb275819067e7ee76f087a81790ce"}
,"C:\\Users\\h'p\\Desktop\\千千\\Rice\\COMP531\\AS5\\hw5-Ericleah\\src\\actions\\postsActions.js": {"path":"C:\\Users\\h'p\\Desktop\\千千\\Rice\\COMP531\\AS5\\hw5-Ericleah\\src\\actions\\postsActions.js","statementMap":{"0":{"start":{"line":3,"column":24},"end":{"line":3,"column":34}},"1":{"start":{"line":4,"column":27},"end":{"line":4,"column":40}},"2":{"start":{"line":5,"column":28},"end":{"line":5,"column":42}},"3":{"start":{"line":6,"column":25},"end":{"line":6,"column":36}},"4":{"start":{"line":8,"column":23},"end":{"line":11,"column":2}},"5":{"start":{"line":8,"column":34},"end":{"line":11,"column":1}},"6":{"start":{"line":13,"column":24},"end":{"line":16,"column":2}},"7":{"start":{"line":13,"column":36},"end":{"line":16,"column":1}},"8":{"start":{"line":18,"column":26},"end":{"line":21,"column":2}},"9":{"start":{"line":18,"column":40},"end":{"line":21,"column":1}},"10":{"start":{"line":23,"column":27},"end":{"line":26,"column":2}},"11":{"start":{"line":23,"column":42},"end":{"line":26,"column":1}}},"fnMap":{"0":{"name":"(anonymous_0)","decl":{"start":{"line":8,"column":23},"end":{"line":8,"column":24}},"loc":{"start":{"line":8,"column":34},"end":{"line":11,"column":1}},"line":8},"1":{"name":"(anonymous_1)","decl":{"start":{"line":13,"column":24},"end":{"line":13,"column":25}},"loc":{"start":{"line":13,"column":36},"end":{"line":16,"column":1}},"line":13},"2":{"name":"(anonymous_2)","decl":{"start":{"line":18,"column":26},"end":{"line":18,"column":27}},"loc":{"start":{"line":18,"column":40},"end":{"line":21,"column":1}},"line":18},"3":{"name":"(anonymous_3)","decl":{"start":{"line":23,"column":27},"end":{"line":23,"column":28}},"loc":{"start":{"line":23,"column":42},"end":{"line":26,"column":1}},"line":23}},"branchMap":{},"s":{"0":2,"1":2,"2":2,"3":2,"4":2,"5":2,"6":2,"7":11,"8":2,"9":0,"10":2,"11":0},"f":{"0":2,"1":11,"2":0,"3":0},"b":{},"_coverageSchema":"1a1c01bbd47fc00a2c39e90264f33305004495a9","hash":"29f76274c7f45df2f661d7d141a521cb2ac64321"}
,"C:\\Users\\h'p\\Desktop\\千千\\Rice\\COMP531\\AS5\\hw5-Ericleah\\src\\components\\modal\\EditProfileModal.jsx": {"path":"C:\\Users\\h'p\\Desktop\\千千\\Rice\\COMP531\\AS5\\hw5-Ericleah\\src\\components\\modal\\EditProfileModal.jsx","statementMap":{"0":{"start":{"line":11,"column":0},"end":{"line":15,"column":1}},"1":{"start":{"line":12,"column":2},"end":{"line":12,"column":31}},"2":{"start":{"line":14,"column":2},"end":{"line":14,"column":37}},"3":{"start":{"line":17,"column":21},"end":{"line":43,"column":1}},"4":{"start":{"line":45,"column":19},"end":{"line":67,"column":1}},"5":{"start":{"line":68,"column":25},"end":{"line":295,"column":1}},"6":{"start":{"line":69,"column":44},"end":{"line":69,"column":56}},"7":{"start":{"line":70,"column":38},"end":{"line":70,"column":50}},"8":{"start":{"line":71,"column":38},"end":{"line":71,"column":50}},"9":{"start":{"line":72,"column":42},"end":{"line":72,"column":54}},"10":{"start":{"line":73,"column":44},"end":{"line":73,"column":56}},"11":{"start":{"line":75,"column":34},"end":{"line":81,"column":4}},"12":{"start":{"line":83,"column":2},"end":{"line":97,"column":13}},"13":{"start":{"line":84,"column":4},"end":{"line":92,"column":5}},"14":{"start":{"line":85,"column":6},"end":{"line":91,"column":9}},"15":{"start":{"line":93,"column":4},"end":{"line":96,"column":7}},"16":{"start":{"line":99,"column":22},"end":{"line":102,"column":3}},"17":{"start":{"line":100,"column":4},"end":{"line":100,"column":50}},"18":{"start":{"line":101,"column":4},"end":{"line":101,"column":21}},"19":{"start":{"line":104,"column":24},"end":{"line":119,"column":3}},"20":{"start":{"line":105,"column":4},"end":{"line":118,"column":5}},"21":{"start":{"line":106,"column":6},"end":{"line":106,"column":54}},"22":{"start":{"line":107,"column":6},"end":{"line":109,"column":25}},"23":{"start":{"line":110,"column":11},"end":{"line":118,"column":5}},"24":{"start":{"line":111,"column":6},"end":{"line":111,"column":80}},"25":{"start":{"line":112,"column":6},"end":{"line":114,"column":25}},"26":{"start":{"line":116,"column":6},"end":{"line":116,"column":27}},"27":{"start":{"line":117,"column":6},"end":{"line":117,"column":60}},"28":{"start":{"line":121,"column":21},"end":{"line":131,"column":3}},"29":{"start":{"line":122,"column":4},"end":{"line":130,"column":5}},"30":{"start":{"line":123,"column":6},"end":{"line":123,"column":59}},"31":{"start":{"line":124,"column":6},"end":{"line":126,"column":25}},"32":{"start":{"line":128,"column":6},"end":{"line":128,"column":24}},"33":{"start":{"line":129,"column":6},"end":{"line":129,"column":57}},"34":{"start":{"line":133,"column":21},"end":{"line":143,"column":3}},"35":{"start":{"line":134,"column":4},"end":{"line":142,"column":5}},"36":{"start":{"line":135,"column":6},"end":{"line":135,"column":65}},"37":{"start":{"line":136,"column":6},"end":{"line":138,"column":25}},"38":{"start":{"line":140,"column":6},"end":{"line":140,"column":24}},"39":{"start":{"line":141,"column":6},"end":{"line":141,"column":57}},"40":{"start":{"line":145,"column":23},"end":{"line":155,"column":3}},"41":{"start":{"line":146,"column":4},"end":{"line":154,"column":5}},"42":{"start":{"line":147,"column":6},"end":{"line":147,"column":57}},"43":{"start":{"line":148,"column":6},"end":{"line":150,"column":25}},"44":{"start":{"line":152,"column":6},"end":{"line":152,"column":26}},"45":{"start":{"line":153,"column":6},"end":{"line":153,"column":59}},"46":{"start":{"line":157,"column":24},"end":{"line":167,"column":3}},"47":{"start":{"line":158,"column":4},"end":{"line":166,"column":5}},"48":{"start":{"line":159,"column":6},"end":{"line":159,"column":42}},"49":{"start":{"line":160,"column":6},"end":{"line":162,"column":25}},"50":{"start":{"line":164,"column":6},"end":{"line":164,"column":27}},"51":{"start":{"line":165,"column":6},"end":{"line":165,"column":60}},"52":{"start":{"line":169,"column":23},"end":{"line":188,"column":3}},"53":{"start":{"line":170,"column":28},"end":{"line":170,"column":36}},"54":{"start":{"line":171,"column":4},"end":{"line":171,"column":64}},"55":{"start":{"line":171,"column":31},"end":{"line":171,"column":61}},"56":{"start":{"line":173,"column":4},"end":{"line":175,"column":5}},"57":{"start":{"line":174,"column":6},"end":{"line":174,"column":27}},"58":{"start":{"line":176,"column":4},"end":{"line":178,"column":5}},"59":{"start":{"line":177,"column":6},"end":{"line":177,"column":24}},"60":{"start":{"line":179,"column":4},"end":{"line":181,"column":5}},"61":{"start":{"line":180,"column":6},"end":{"line":180,"column":24}},"62":{"start":{"line":182,"column":4},"end":{"line":184,"column":5}},"63":{"start":{"line":183,"column":6},"end":{"line":183,"column":26}},"64":{"start":{"line":185,"column":4},"end":{"line":187,"column":5}},"65":{"start":{"line":186,"column":6},"end":{"line":186,"column":27}},"66":{"start":{"line":190,"column":23},"end":{"line":197,"column":3}},"67":{"start":{"line":191,"column":4},"end":{"line":191,"column":23}},"68":{"start":{"line":193,"column":4},"end":{"line":195,"column":5}},"69":{"start":{"line":194,"column":6},"end":{"line":194,"column":25}},"70":{"start":{"line":199,"column":2},"end":{"line":294,"column":4}}},"fnMap":{"0":{"name":"(anonymous_0)","decl":{"start":{"line":68,"column":25},"end":{"line":68,"column":26}},"loc":{"start":{"line":68,"column":73},"end":{"line":295,"column":1}},"line":68},"1":{"name":"(anonymous_1)","decl":{"start":{"line":83,"column":12},"end":{"line":83,"column":13}},"loc":{"start":{"line":83,"column":18},"end":{"line":97,"column":3}},"line":83},"2":{"name":"(anonymous_2)","decl":{"start":{"line":99,"column":22},"end":{"line":99,"column":23}},"loc":{"start":{"line":99,"column":28},"end":{"line":102,"column":3}},"line":99},"3":{"name":"(anonymous_3)","decl":{"start":{"line":104,"column":24},"end":{"line":104,"column":25}},"loc":{"start":{"line":104,"column":40},"end":{"line":119,"column":3}},"line":104},"4":{"name":"(anonymous_4)","decl":{"start":{"line":121,"column":21},"end":{"line":121,"column":22}},"loc":{"start":{"line":121,"column":37},"end":{"line":131,"column":3}},"line":121},"5":{"name":"(anonymous_5)","decl":{"start":{"line":133,"column":21},"end":{"line":133,"column":22}},"loc":{"start":{"line":133,"column":37},"end":{"line":143,"column":3}},"line":133},"6":{"name":"(anonymous_6)","decl":{"start":{"line":145,"column":23},"end":{"line":145,"column":24}},"loc":{"start":{"line":145,"column":37},"end":{"line":155,"column":3}},"line":145},"7":{"name":"(anonymous_7)","decl":{"start":{"line":157,"column":24},"end":{"line":157,"column":25}},"loc":{"start":{"line":157,"column":43},"end":{"line":167,"column":3}},"line":157},"8":{"name":"(anonymous_8)","decl":{"start":{"line":169,"column":23},"end":{"line":169,"column":24}},"loc":{"start":{"line":169,"column":30},"end":{"line":188,"column":3}},"line":169},"9":{"name":"(anonymous_9)","decl":{"start":{"line":171,"column":16},"end":{"line":171,"column":17}},"loc":{"start":{"line":171,"column":31},"end":{"line":171,"column":61}},"line":171},"10":{"name":"(anonymous_10)","decl":{"start":{"line":190,"column":23},"end":{"line":190,"column":24}},"loc":{"start":{"line":190,"column":30},"end":{"line":197,"column":3}},"line":190}},"branchMap":{"0":{"loc":{"start":{"line":11,"column":0},"end":{"line":15,"column":1}},"type":"if","locations":[{"start":{"line":11,"column":0},"end":{"line":15,"column":1}},{"start":{"line":13,"column":7},"end":{"line":15,"column":1}}],"line":11},"1":{"loc":{"start":{"line":84,"column":4},"end":{"line":92,"column":5}},"type":"if","locations":[{"start":{"line":84,"column":4},"end":{"line":92,"column":5}},{"start":{},"end":{}}],"line":84},"2":{"loc":{"start":{"line":105,"column":4},"end":{"line":118,"column":5}},"type":"if","locations":[{"start":{"line":105,"column":4},"end":{"line":118,"column":5}},{"start":{"line":110,"column":11},"end":{"line":118,"column":5}}],"line":105},"3":{"loc":{"start":{"line":110,"column":11},"end":{"line":118,"column":5}},"type":"if","locations":[{"start":{"line":110,"column":11},"end":{"line":118,"column":5}},{"start":{"line":115,"column":11},"end":{"line":118,"column":5}}],"line":110},"4":{"loc":{"start":{"line":122,"column":4},"end":{"line":130,"column":5}},"type":"if","locations":[{"start":{"line":122,"column":4},"end":{"line":130,"column":5}},{"start":{"line":127,"column":11},"end":{"line":130,"column":5}}],"line":122},"5":{"loc":{"start":{"line":134,"column":4},"end":{"line":142,"column":5}},"type":"if","locations":[{"start":{"line":134,"column":4},"end":{"line":142,"column":5}},{"start":{"line":139,"column":11},"end":{"line":142,"column":5}}],"line":134},"6":{"loc":{"start":{"line":146,"column":4},"end":{"line":154,"column":5}},"type":"if","locations":[{"start":{"line":146,"column":4},"end":{"line":154,"column":5}},{"start":{"line":151,"column":11},"end":{"line":154,"column":5}}],"line":146},"7":{"loc":{"start":{"line":158,"column":4},"end":{"line":166,"column":5}},"type":"if","locations":[{"start":{"line":158,"column":4},"end":{"line":166,"column":5}},{"start":{"line":163,"column":11},"end":{"line":166,"column":5}}],"line":158},"8":{"loc":{"start":{"line":173,"column":4},"end":{"line":175,"column":5}},"type":"if","locations":[{"start":{"line":173,"column":4},"end":{"line":175,"column":5}},{"start":{},"end":{}}],"line":173},"9":{"loc":{"start":{"line":176,"column":4},"end":{"line":178,"column":5}},"type":"if","locations":[{"start":{"line":176,"column":4},"end":{"line":178,"column":5}},{"start":{},"end":{}}],"line":176},"10":{"loc":{"start":{"line":179,"column":4},"end":{"line":181,"column":5}},"type":"if","locations":[{"start":{"line":179,"column":4},"end":{"line":181,"column":5}},{"start":{},"end":{}}],"line":179},"11":{"loc":{"start":{"line":182,"column":4},"end":{"line":184,"column":5}},"type":"if","locations":[{"start":{"line":182,"column":4},"end":{"line":184,"column":5}},{"start":{},"end":{}}],"line":182},"12":{"loc":{"start":{"line":185,"column":4},"end":{"line":187,"column":5}},"type":"if","locations":[{"start":{"line":185,"column":4},"end":{"line":187,"column":5}},{"start":{},"end":{}}],"line":185},"13":{"loc":{"start":{"line":193,"column":4},"end":{"line":195,"column":5}},"type":"if","locations":[{"start":{"line":193,"column":4},"end":{"line":195,"column":5}},{"start":{},"end":{}}],"line":193},"14":{"loc":{"start":{"line":193,"column":8},"end":{"line":193,"column":87}},"type":"binary-expr","locations":[{"start":{"line":193,"column":8},"end":{"line":193,"column":22}},{"start":{"line":193,"column":26},"end":{"line":193,"column":37}},{"start":{"line":193,"column":41},"end":{"line":193,"column":52}},{"start":{"line":193,"column":56},"end":{"line":193,"column":69}},{"start":{"line":193,"column":73},"end":{"line":193,"column":87}}],"line":193}},"s":{"0":2,"1":0,"2":2,"3":2,"4":2,"5":2,"6":26,"7":26,"8":26,"9":26,"10":26,"11":26,"12":26,"13":11,"14":11,"15":11,"16":26,"17":0,"18":0,"19":26,"20":1,"21":0,"22":0,"23":1,"24":0,"25":0,"26":1,"27":1,"28":26,"29":1,"30":0,"31":0,"32":1,"33":1,"34":26,"35":1,"36":0,"37":0,"38":1,"39":1,"40":26,"41":0,"42":0,"43":0,"44":0,"45":0,"46":26,"47":0,"48":0,"49":0,"50":0,"51":0,"52":26,"53":3,"54":3,"55":3,"56":3,"57":1,"58":3,"59":1,"60":3,"61":1,"62":3,"63":0,"64":3,"65":0,"66":26,"67":1,"68":1,"69":1,"70":26},"f":{"0":26,"1":11,"2":0,"3":1,"4":1,"5":1,"6":0,"7":0,"8":3,"9":3,"10":1},"b":{"0":[0,2],"1":[11,0],"2":[0,1],"3":[0,1],"4":[0,1],"5":[0,1],"6":[0,0],"7":[0,0],"8":[1,2],"9":[1,2],"10":[1,2],"11":[0,3],"12":[0,3],"13":[1,0],"14":[1,1,1,1,1]},"_coverageSchema":"1a1c01bbd47fc00a2c39e90264f33305004495a9","hash":"fa3b7e8e1561c0cd5d11775a06e853b61bcdd43c"}
,"C:\\Users\\h'p\\Desktop\\千千\\Rice\\COMP531\\AS5\\hw5-Ericleah\\src\\components\\post\\Post.jsx": {"path":"C:\\Users\\h'p\\Desktop\\千千\\Rice\\COMP531\\AS5\\hw5-Ericleah\\src\\components\\post\\Post.jsx","statementMap":{"0":{"start":{"line":4,"column":13},"end":{"line":60,"column":1}},"1":{"start":{"line":5,"column":52},"end":{"line":5,"column":63}},"2":{"start":{"line":7,"column":26},"end":{"line":11,"column":3}},"3":{"start":{"line":8,"column":4},"end":{"line":10,"column":6}},"4":{"start":{"line":9,"column":6},"end":{"line":9,"column":66}},"5":{"start":{"line":13,"column":26},"end":{"line":17,"column":3}},"6":{"start":{"line":14,"column":4},"end":{"line":16,"column":6}},"7":{"start":{"line":15,"column":6},"end":{"line":15,"column":66}},"8":{"start":{"line":19,"column":2},"end":{"line":59,"column":4}}},"fnMap":{"0":{"name":"(anonymous_0)","decl":{"start":{"line":4,"column":13},"end":{"line":4,"column":14}},"loc":{"start":{"line":4,"column":27},"end":{"line":60,"column":1}},"line":4},"1":{"name":"(anonymous_1)","decl":{"start":{"line":7,"column":26},"end":{"line":7,"column":27}},"loc":{"start":{"line":7,"column":32},"end":{"line":11,"column":3}},"line":7},"2":{"name":"(anonymous_2)","decl":{"start":{"line":8,"column":25},"end":{"line":8,"column":26}},"loc":{"start":{"line":9,"column":6},"end":{"line":9,"column":66}},"line":9},"3":{"name":"(anonymous_3)","decl":{"start":{"line":13,"column":26},"end":{"line":13,"column":27}},"loc":{"start":{"line":13,"column":32},"end":{"line":17,"column":3}},"line":13},"4":{"name":"(anonymous_4)","decl":{"start":{"line":14,"column":25},"end":{"line":14,"column":26}},"loc":{"start":{"line":15,"column":6},"end":{"line":15,"column":66}},"line":15}},"branchMap":{"0":{"loc":{"start":{"line":9,"column":6},"end":{"line":9,"column":66}},"type":"cond-expr","locations":[{"start":{"line":9,"column":24},"end":{"line":9,"column":50}},{"start":{"line":9,"column":53},"end":{"line":9,"column":66}}],"line":9},"1":{"loc":{"start":{"line":15,"column":6},"end":{"line":15,"column":66}},"type":"cond-expr","locations":[{"start":{"line":15,"column":49},"end":{"line":15,"column":50}},{"start":{"line":15,"column":53},"end":{"line":15,"column":66}}],"line":15},"2":{"loc":{"start":{"line":35,"column":9},"end":{"line":50,"column":9}},"type":"binary-expr","locations":[{"start":{"line":35,"column":9},"end":{"line":35,"column":35}},{"start":{"line":36,"column":10},"end":{"line":49,"column":16}}],"line":35},"3":{"loc":{"start":{"line":37,"column":13},"end":{"line":39,"column":13}},"type":"binary-expr","locations":[{"start":{"line":37,"column":13},"end":{"line":37,"column":39}},{"start":{"line":38,"column":14},"end":{"line":38,"column":99}}],"line":37},"4":{"loc":{"start":{"line":46,"column":13},"end":{"line":48,"column":13}},"type":"binary-expr","locations":[{"start":{"line":46,"column":13},"end":{"line":46,"column":39}},{"start":{"line":47,"column":14},"end":{"line":47,"column":99}}],"line":46}},"s":{"0":2,"1":7,"2":7,"3":1,"4":1,"5":7,"6":1,"7":1,"8":7},"f":{"0":7,"1":1,"2":1,"3":1,"4":1},"b":{"0":[0,1],"1":[0,1],"2":[7,7],"3":[7,7],"4":[7,7]},"_coverageSchema":"1a1c01bbd47fc00a2c39e90264f33305004495a9","hash":"8cea5b1ffc604647830894beaac81473e150a10d"}
,"C:\\Users\\h'p\\Desktop\\千千\\Rice\\COMP531\\AS5\\hw5-Ericleah\\src\\components\\posts\\Posts.jsx": {"path":"C:\\Users\\h'p\\Desktop\\千千\\Rice\\COMP531\\AS5\\hw5-Ericleah\\src\\components\\posts\\Posts.jsx","statementMap":{"0":{"start":{"line":12,"column":14},"end":{"line":148,"column":1}},"1":{"start":{"line":13,"column":22},"end":{"line":13,"column":45}},"2":{"start":{"line":14,"column":16},"end":{"line":14,"column":46}},"3":{"start":{"line":15,"column":19},"end":{"line":15,"column":32}},"4":{"start":{"line":16,"column":24},"end":{"line":16,"column":38}},"5":{"start":{"line":17,"column":24},"end":{"line":17,"column":56}},"6":{"start":{"line":18,"column":30},"end":{"line":18,"column":59}},"7":{"start":{"line":21,"column":24},"end":{"line":30,"column":4}},"8":{"start":{"line":22,"column":4},"end":{"line":29,"column":6}},"9":{"start":{"line":32,"column":2},"end":{"line":137,"column":32}},"10":{"start":{"line":33,"column":23},"end":{"line":43,"column":5}},"11":{"start":{"line":45,"column":23},"end":{"line":56,"column":5}},"12":{"start":{"line":58,"column":33},"end":{"line":134,"column":5}},"13":{"start":{"line":59,"column":23},"end":{"line":59,"column":25}},"14":{"start":{"line":60,"column":27},"end":{"line":60,"column":29}},"15":{"start":{"line":61,"column":6},"end":{"line":61,"column":29}},"16":{"start":{"line":63,"column":6},"end":{"line":129,"column":7}},"17":{"start":{"line":65,"column":33},"end":{"line":65,"column":78}},"18":{"start":{"line":66,"column":41},"end":{"line":68,"column":9}},"19":{"start":{"line":70,"column":8},"end":{"line":72,"column":9}},"20":{"start":{"line":71,"column":10},"end":{"line":71,"column":113}},"21":{"start":{"line":74,"column":37},"end":{"line":74,"column":74}},"22":{"start":{"line":76,"column":8},"end":{"line":78,"column":9}},"23":{"start":{"line":77,"column":10},"end":{"line":77,"column":58}},"24":{"start":{"line":80,"column":33},"end":{"line":89,"column":10}},"25":{"start":{"line":81,"column":36},"end":{"line":81,"column":75}},"26":{"start":{"line":82,"column":10},"end":{"line":88,"column":12}},"27":{"start":{"line":91,"column":8},"end":{"line":91,"column":43}},"28":{"start":{"line":94,"column":8},"end":{"line":123,"column":9}},"29":{"start":{"line":94,"column":21},"end":{"line":94,"column":22}},"30":{"start":{"line":95,"column":23},"end":{"line":95,"column":39}},"31":{"start":{"line":96,"column":28},"end":{"line":96,"column":67}},"32":{"start":{"line":97,"column":32},"end":{"line":99,"column":11}},"33":{"start":{"line":101,"column":10},"end":{"line":103,"column":11}},"34":{"start":{"line":102,"column":12},"end":{"line":102,"column":107}},"35":{"start":{"line":105,"column":28},"end":{"line":105,"column":54}},"36":{"start":{"line":107,"column":10},"end":{"line":109,"column":11}},"37":{"start":{"line":108,"column":12},"end":{"line":108,"column":60}},"38":{"start":{"line":111,"column":28},"end":{"line":120,"column":12}},"39":{"start":{"line":112,"column":38},"end":{"line":112,"column":77}},"40":{"start":{"line":113,"column":12},"end":{"line":119,"column":14}},"41":{"start":{"line":122,"column":10},"end":{"line":122,"column":38}},"42":{"start":{"line":125,"column":8},"end":{"line":125,"column":37}},"43":{"start":{"line":127,"column":8},"end":{"line":127,"column":62}},"44":{"start":{"line":133,"column":6},"end":{"line":133,"column":35}},"45":{"start":{"line":136,"column":4},"end":{"line":136,"column":27}},"46":{"start":{"line":140,"column":2},"end":{"line":147,"column":4}},"47":{"start":{"line":144,"column":8},"end":{"line":144,"column":42}}},"fnMap":{"0":{"name":"(anonymous_0)","decl":{"start":{"line":12,"column":14},"end":{"line":12,"column":15}},"loc":{"start":{"line":12,"column":20},"end":{"line":148,"column":1}},"line":12},"1":{"name":"(anonymous_1)","decl":{"start":{"line":21,"column":37},"end":{"line":21,"column":38}},"loc":{"start":{"line":21,"column":47},"end":{"line":30,"column":3}},"line":21},"2":{"name":"(anonymous_2)","decl":{"start":{"line":32,"column":12},"end":{"line":32,"column":13}},"loc":{"start":{"line":32,"column":18},"end":{"line":137,"column":3}},"line":32},"3":{"name":"(anonymous_3)","decl":{"start":{"line":58,"column":33},"end":{"line":58,"column":34}},"loc":{"start":{"line":58,"column":45},"end":{"line":134,"column":5}},"line":58},"4":{"name":"(anonymous_4)","decl":{"start":{"line":80,"column":58},"end":{"line":80,"column":59}},"loc":{"start":{"line":80,"column":75},"end":{"line":89,"column":9}},"line":80},"5":{"name":"(anonymous_5)","decl":{"start":{"line":111,"column":42},"end":{"line":111,"column":43}},"loc":{"start":{"line":111,"column":59},"end":{"line":120,"column":11}},"line":111},"6":{"name":"(anonymous_6)","decl":{"start":{"line":143,"column":25},"end":{"line":143,"column":26}},"loc":{"start":{"line":144,"column":8},"end":{"line":144,"column":42}},"line":144}},"branchMap":{"0":{"loc":{"start":{"line":14,"column":16},"end":{"line":14,"column":46}},"type":"binary-expr","locations":[{"start":{"line":14,"column":16},"end":{"line":14,"column":40}},{"start":{"line":14,"column":44},"end":{"line":14,"column":46}}],"line":14},"1":{"loc":{"start":{"line":18,"column":10},"end":{"line":18,"column":25}},"type":"default-arg","locations":[{"start":{"line":18,"column":23},"end":{"line":18,"column":25}}],"line":18},"2":{"loc":{"start":{"line":23,"column":6},"end":{"line":28,"column":16}},"type":"binary-expr","locations":[{"start":{"line":23,"column":7},"end":{"line":25,"column":15}},{"start":{"line":26,"column":7},"end":{"line":28,"column":15}}],"line":23},"3":{"loc":{"start":{"line":23,"column":7},"end":{"line":25,"column":15}},"type":"cond-expr","locations":[{"start":{"line":24,"column":10},"end":{"line":24,"column":72}},{"start":{"line":25,"column":10},"end":{"line":25,"column":15}}],"line":23},"4":{"loc":{"start":{"line":26,"column":7},"end":{"line":28,"column":15}},"type":"cond-expr","locations":[{"start":{"line":27,"column":10},"end":{"line":27,"column":68}},{"start":{"line":28,"column":10},"end":{"line":28,"column":15}}],"line":26},"5":{"loc":{"start":{"line":70,"column":8},"end":{"line":72,"column":9}},"type":"if","locations":[{"start":{"line":70,"column":8},"end":{"line":72,"column":9}},{"start":{},"end":{}}],"line":70},"6":{"loc":{"start":{"line":76,"column":8},"end":{"line":78,"column":9}},"type":"if","locations":[{"start":{"line":76,"column":8},"end":{"line":78,"column":9}},{"start":{},"end":{}}],"line":76},"7":{"loc":{"start":{"line":81,"column":36},"end":{"line":81,"column":75}},"type":"cond-expr","locations":[{"start":{"line":81,"column":48},"end":{"line":81,"column":70}},{"start":{"line":81,"column":73},"end":{"line":81,"column":75}}],"line":81},"8":{"loc":{"start":{"line":101,"column":10},"end":{"line":103,"column":11}},"type":"if","locations":[{"start":{"line":101,"column":10},"end":{"line":103,"column":11}},{"start":{},"end":{}}],"line":101},"9":{"loc":{"start":{"line":107,"column":10},"end":{"line":109,"column":11}},"type":"if","locations":[{"start":{"line":107,"column":10},"end":{"line":109,"column":11}},{"start":{},"end":{}}],"line":107},"10":{"loc":{"start":{"line":112,"column":38},"end":{"line":112,"column":77}},"type":"cond-expr","locations":[{"start":{"line":112,"column":50},"end":{"line":112,"column":72}},{"start":{"line":112,"column":75},"end":{"line":112,"column":77}}],"line":112}},"s":{"0":1,"1":4,"2":4,"3":4,"4":4,"5":4,"6":4,"7":4,"8":0,"9":4,"10":4,"11":4,"12":4,"13":4,"14":4,"15":4,"16":4,"17":4,"18":4,"19":4,"20":0,"21":4,"22":4,"23":0,"24":4,"25":4,"26":4,"27":4,"28":4,"29":4,"30":4,"31":4,"32":4,"33":4,"34":0,"35":4,"36":3,"37":0,"38":3,"39":2,"40":2,"41":3,"42":3,"43":1,"44":4,"45":4,"46":4,"47":0},"f":{"0":4,"1":0,"2":4,"3":4,"4":4,"5":2,"6":0},"b":{"0":[4,4],"1":[0],"2":[0,0],"3":[0,0],"4":[0,0],"5":[0,4],"6":[0,4],"7":[4,0],"8":[0,4],"9":[0,3],"10":[2,0]},"_coverageSchema":"1a1c01bbd47fc00a2c39e90264f33305004495a9","hash":"dc7e480cffcb65e143c1731aa697464e18d94903"}
,"C:\\Users\\h'p\\Desktop\\千千\\Rice\\COMP531\\AS5\\hw5-Ericleah\\src\\components\\share\\Share.jsx": {"path":"C:\\Users\\h'p\\Desktop\\千千\\Rice\\COMP531\\AS5\\hw5-Ericleah\\src\\components\\share\\Share.jsx","statementMap":{"0":{"start":{"line":8,"column":14},"end":{"line":101,"column":1}},"1":{"start":{"line":9,"column":22},"end":{"line":9,"column":45}},"2":{"start":{"line":10,"column":19},"end":{"line":10,"column":32}},"3":{"start":{"line":11,"column":36},"end":{"line":11,"column":48}},"4":{"start":{"line":12,"column":44},"end":{"line":12,"column":58}},"5":{"start":{"line":13,"column":50},"end":{"line":13,"column":62}},"6":{"start":{"line":15,"column":25},"end":{"line":18,"column":3}},"7":{"start":{"line":16,"column":4},"end":{"line":16,"column":21}},"8":{"start":{"line":17,"column":4},"end":{"line":17,"column":27}},"9":{"start":{"line":20,"column":28},"end":{"line":32,"column":3}},"10":{"start":{"line":21,"column":17},"end":{"line":21,"column":34}},"11":{"start":{"line":22,"column":4},"end":{"line":31,"column":5}},"12":{"start":{"line":23,"column":21},"end":{"line":23,"column":37}},"13":{"start":{"line":24,"column":6},"end":{"line":26,"column":8}},"14":{"start":{"line":25,"column":8},"end":{"line":25,"column":40}},"15":{"start":{"line":27,"column":6},"end":{"line":27,"column":33}},"16":{"start":{"line":30,"column":6},"end":{"line":30,"column":37}},"17":{"start":{"line":34,"column":26},"end":{"line":50,"column":3}},"18":{"start":{"line":35,"column":4},"end":{"line":49,"column":5}},"19":{"start":{"line":37,"column":22},"end":{"line":45,"column":7}},"20":{"start":{"line":47,"column":6},"end":{"line":47,"column":33}},"21":{"start":{"line":48,"column":6},"end":{"line":48,"column":23}},"22":{"start":{"line":52,"column":2},"end":{"line":100,"column":4}},"23":{"start":{"line":65,"column":29},"end":{"line":65,"column":57}},"24":{"start":{"line":72,"column":60},"end":{"line":72,"column":82}}},"fnMap":{"0":{"name":"(anonymous_0)","decl":{"start":{"line":8,"column":14},"end":{"line":8,"column":15}},"loc":{"start":{"line":8,"column":20},"end":{"line":101,"column":1}},"line":8},"1":{"name":"(anonymous_1)","decl":{"start":{"line":15,"column":25},"end":{"line":15,"column":26}},"loc":{"start":{"line":15,"column":31},"end":{"line":18,"column":3}},"line":15},"2":{"name":"(anonymous_2)","decl":{"start":{"line":20,"column":28},"end":{"line":20,"column":29}},"loc":{"start":{"line":20,"column":35},"end":{"line":32,"column":3}},"line":20},"3":{"name":"(anonymous_3)","decl":{"start":{"line":24,"column":25},"end":{"line":24,"column":26}},"loc":{"start":{"line":24,"column":31},"end":{"line":26,"column":7}},"line":24},"4":{"name":"(anonymous_4)","decl":{"start":{"line":34,"column":26},"end":{"line":34,"column":27}},"loc":{"start":{"line":34,"column":32},"end":{"line":50,"column":3}},"line":34},"5":{"name":"(anonymous_5)","decl":{"start":{"line":65,"column":22},"end":{"line":65,"column":23}},"loc":{"start":{"line":65,"column":29},"end":{"line":65,"column":57}},"line":65},"6":{"name":"(anonymous_6)","decl":{"start":{"line":72,"column":54},"end":{"line":72,"column":55}},"loc":{"start":{"line":72,"column":60},"end":{"line":72,"column":82}},"line":72}},"branchMap":{"0":{"loc":{"start":{"line":22,"column":4},"end":{"line":31,"column":5}},"type":"if","locations":[{"start":{"line":22,"column":4},"end":{"line":31,"column":5}},{"start":{},"end":{}}],"line":22},"1":{"loc":{"start":{"line":35,"column":4},"end":{"line":49,"column":5}},"type":"if","locations":[{"start":{"line":35,"column":4},"end":{"line":49,"column":5}},{"start":{},"end":{}}],"line":35},"2":{"loc":{"start":{"line":35,"column":8},"end":{"line":35,"column":48}},"type":"binary-expr","locations":[{"start":{"line":35,"column":8},"end":{"line":35,"column":31}},{"start":{"line":35,"column":35},"end":{"line":35,"column":48}}],"line":35},"3":{"loc":{"start":{"line":43,"column":20},"end":{"line":43,"column":56}},"type":"cond-expr","locations":[{"start":{"line":43,"column":36},"end":{"line":43,"column":51}},{"start":{"line":43,"column":54},"end":{"line":43,"column":56}}],"line":43},"4":{"loc":{"start":{"line":69,"column":9},"end":{"line":74,"column":9}},"type":"binary-expr","locations":[{"start":{"line":69,"column":9},"end":{"line":69,"column":22}},{"start":{"line":70,"column":10},"end":{"line":73,"column":16}}],"line":69}},"s":{"0":2,"1":14,"2":14,"3":14,"4":14,"5":14,"6":14,"7":3,"8":3,"9":14,"10":0,"11":0,"12":0,"13":0,"14":0,"15":0,"16":0,"17":14,"18":2,"19":2,"20":2,"21":2,"22":14,"23":3,"24":0},"f":{"0":14,"1":3,"2":0,"3":0,"4":2,"5":3,"6":0},"b":{"0":[0,0],"1":[2,0],"2":[2,0],"3":[0,2],"4":[14,0]},"_coverageSchema":"1a1c01bbd47fc00a2c39e90264f33305004495a9","hash":"00f477767332105bca72f0250a106ac5e934ad4c"}
,"C:\\Users\\h'p\\Desktop\\千千\\Rice\\COMP531\\AS5\\hw5-Ericleah\\src\\context\\FilterTermContext.js": {"path":"C:\\Users\\h'p\\Desktop\\千千\\Rice\\COMP531\\AS5\\hw5-Ericleah\\src\\context\\FilterTermContext.js","statementMap":{"0":{"start":{"line":4,"column":33},"end":{"line":7,"column":2}},"1":{"start":{"line":9,"column":34},"end":{"line":17,"column":1}},"2":{"start":{"line":10,"column":38},"end":{"line":10,"column":50}},"3":{"start":{"line":12,"column":2},"end":{"line":16,"column":4}}},"fnMap":{"0":{"name":"(anonymous_0)","decl":{"start":{"line":6,"column":17},"end":{"line":6,"column":18}},"loc":{"start":{"line":6,"column":23},"end":{"line":6,"column":25}},"line":6},"1":{"name":"(anonymous_1)","decl":{"start":{"line":9,"column":34},"end":{"line":9,"column":35}},"loc":{"start":{"line":9,"column":52},"end":{"line":17,"column":1}},"line":9}},"branchMap":{},"s":{"0":1,"1":1,"2":0,"3":0},"f":{"0":0,"1":0},"b":{},"_coverageSchema":"1a1c01bbd47fc00a2c39e90264f33305004495a9","hash":"2cb3dc5b11b4a0870917534793802256528f6b86"}
,"C:\\Users\\h'p\\Desktop\\千千\\Rice\\COMP531\\AS5\\hw5-Ericleah\\src\\pages\\login\\Login.jsx": {"path":"C:\\Users\\h'p\\Desktop\\千千\\Rice\\COMP531\\AS5\\hw5-Ericleah\\src\\pages\\login\\Login.jsx","statementMap":{"0":{"start":{"line":12,"column":13},"end":{"line":22,"column":1}},"1":{"start":{"line":24,"column":14},"end":{"line":30,"column":1}},"2":{"start":{"line":32,"column":15},"end":{"line":46,"column":1}},"3":{"start":{"line":48,"column":19},"end":{"line":58,"column":1}},"4":{"start":{"line":60,"column":14},"end":{"line":129,"column":1}},"5":{"start":{"line":61,"column":34},"end":{"line":61,"column":46}},"6":{"start":{"line":62,"column":34},"end":{"line":62,"column":46}},"7":{"start":{"line":63,"column":42},"end":{"line":63,"column":54}},"8":{"start":{"line":64,"column":19},"end":{"line":64,"column":32}},"9":{"start":{"line":65,"column":19},"end":{"line":65,"column":32}},"10":{"start":{"line":67,"column":23},"end":{"line":99,"column":3}},"11":{"start":{"line":68,"column":4},"end":{"line":68,"column":23}},"12":{"start":{"line":70,"column":21},"end":{"line":72,"column":5}},"13":{"start":{"line":73,"column":18},"end":{"line":73,"column":39}},"14":{"start":{"line":74,"column":17},"end":{"line":74,"column":25}},"15":{"start":{"line":76,"column":4},"end":{"line":98,"column":5}},"16":{"start":{"line":78,"column":6},"end":{"line":78,"column":42}},"17":{"start":{"line":79,"column":6},"end":{"line":79,"column":42}},"18":{"start":{"line":80,"column":6},"end":{"line":80,"column":26}},"19":{"start":{"line":83,"column":24},"end":{"line":83,"column":64}},"20":{"start":{"line":83,"column":40},"end":{"line":83,"column":63}},"21":{"start":{"line":85,"column":6},"end":{"line":94,"column":10}},"22":{"start":{"line":95,"column":6},"end":{"line":95,"column":20}},"23":{"start":{"line":97,"column":6},"end":{"line":97,"column":56}},"24":{"start":{"line":101,"column":2},"end":{"line":128,"column":4}},"25":{"start":{"line":114,"column":29},"end":{"line":114,"column":56}},"26":{"start":{"line":120,"column":29},"end":{"line":120,"column":56}}},"fnMap":{"0":{"name":"(anonymous_0)","decl":{"start":{"line":60,"column":14},"end":{"line":60,"column":15}},"loc":{"start":{"line":60,"column":20},"end":{"line":129,"column":1}},"line":60},"1":{"name":"(anonymous_1)","decl":{"start":{"line":67,"column":23},"end":{"line":67,"column":24}},"loc":{"start":{"line":67,"column":36},"end":{"line":99,"column":3}},"line":67},"2":{"name":"(anonymous_2)","decl":{"start":{"line":83,"column":35},"end":{"line":83,"column":36}},"loc":{"start":{"line":83,"column":40},"end":{"line":83,"column":63}},"line":83},"3":{"name":"(anonymous_3)","decl":{"start":{"line":114,"column":22},"end":{"line":114,"column":23}},"loc":{"start":{"line":114,"column":29},"end":{"line":114,"column":56}},"line":114},"4":{"name":"(anonymous_4)","decl":{"start":{"line":120,"column":22},"end":{"line":120,"column":23}},"loc":{"start":{"line":120,"column":29},"end":{"line":120,"column":56}},"line":120}},"branchMap":{"0":{"loc":{"start":{"line":76,"column":4},"end":{"line":98,"column":5}},"type":"if","locations":[{"start":{"line":76,"column":4},"end":{"line":98,"column":5}},{"start":{"line":96,"column":11},"end":{"line":98,"column":5}}],"line":76},"1":{"loc":{"start":{"line":76,"column":8},"end":{"line":76,"column":48}},"type":"binary-expr","locations":[{"start":{"line":76,"column":8},"end":{"line":76,"column":12}},{"start":{"line":76,"column":16},"end":{"line":76,"column":48}}],"line":76},"2":{"loc":{"start":{"line":92,"column":20},"end":{"line":92,"column":84}},"type":"cond-expr","locations":[{"start":{"line":92,"column":32},"end":{"line":92,"column":71}},{"start":{"line":92,"column":74},"end":{"line":92,"column":84}}],"line":92},"3":{"loc":{"start":{"line":122,"column":11},"end":{"line":122,"column":78}},"type":"binary-expr","locations":[{"start":{"line":122,"column":11},"end":{"line":122,"column":23}},{"start":{"line":122,"column":27},"end":{"line":122,"column":78}}],"line":122}},"s":{"0":1,"1":1,"2":1,"3":1,"4":1,"5":7,"6":7,"7":7,"8":7,"9":7,"10":7,"11":2,"12":2,"13":2,"14":2,"15":2,"16":0,"17":0,"18":0,"19":0,"20":0,"21":0,"22":0,"23":2,"24":7,"25":2,"26":2},"f":{"0":7,"1":2,"2":0,"3":2,"4":2},"b":{"0":[0,2],"1":[2,0],"2":[0,0],"3":[7,1]},"_coverageSchema":"1a1c01bbd47fc00a2c39e90264f33305004495a9","hash":"f6d18847f965c933fa8dd7ab77259f80233555da"}
,"C:\\Users\\h'p\\Desktop\\千千\\Rice\\COMP531\\AS5\\hw5-Ericleah\\src\\pages\\profile\\Profile.jsx": {"path":"C:\\Users\\h'p\\Desktop\\千千\\Rice\\COMP531\\AS5\\hw5-Ericleah\\src\\pages\\profile\\Profile.jsx","statementMap":{"0":{"start":{"line":17,"column":19},"end":{"line":27,"column":1}},"1":{"start":{"line":29,"column":19},"end":{"line":37,"column":1}},"2":{"start":{"line":39,"column":16},"end":{"line":132,"column":1}},"3":{"start":{"line":40,"column":22},"end":{"line":40,"column":45}},"4":{"start":{"line":41,"column":19},"end":{"line":41,"column":32}},"5":{"start":{"line":42,"column":40},"end":{"line":42,"column":55}},"6":{"start":{"line":43,"column":46},"end":{"line":43,"column":60}},"7":{"start":{"line":45,"column":2},"end":{"line":53,"column":20}},"8":{"start":{"line":47,"column":4},"end":{"line":47,"column":23}},"9":{"start":{"line":50,"column":4},"end":{"line":52,"column":6}},"10":{"start":{"line":51,"column":6},"end":{"line":51,"column":24}},"11":{"start":{"line":55,"column":26},"end":{"line":57,"column":3}},"12":{"start":{"line":56,"column":4},"end":{"line":56,"column":25}},"13":{"start":{"line":59,"column":27},"end":{"line":61,"column":3}},"14":{"start":{"line":60,"column":4},"end":{"line":60,"column":26}},"15":{"start":{"line":63,"column":30},"end":{"line":73,"column":3}},"16":{"start":{"line":64,"column":4},"end":{"line":71,"column":8}},"17":{"start":{"line":72,"column":4},"end":{"line":72,"column":26}},"18":{"start":{"line":75,"column":27},"end":{"line":78,"column":3}},"19":{"start":{"line":76,"column":17},"end":{"line":76,"column":38}},"20":{"start":{"line":77,"column":4},"end":{"line":77,"column":28}},"21":{"start":{"line":80,"column":37},"end":{"line":88,"column":3}},"22":{"start":{"line":81,"column":4},"end":{"line":87,"column":13}},"23":{"start":{"line":82,"column":6},"end":{"line":85,"column":10}},"24":{"start":{"line":86,"column":6},"end":{"line":86,"column":28}},"25":{"start":{"line":90,"column":2},"end":{"line":131,"column":4}}},"fnMap":{"0":{"name":"(anonymous_0)","decl":{"start":{"line":39,"column":16},"end":{"line":39,"column":17}},"loc":{"start":{"line":39,"column":37},"end":{"line":132,"column":1}},"line":39},"1":{"name":"(anonymous_1)","decl":{"start":{"line":45,"column":12},"end":{"line":45,"column":13}},"loc":{"start":{"line":45,"column":18},"end":{"line":53,"column":3}},"line":45},"2":{"name":"(anonymous_2)","decl":{"start":{"line":50,"column":11},"end":{"line":50,"column":12}},"loc":{"start":{"line":50,"column":17},"end":{"line":52,"column":5}},"line":50},"3":{"name":"(anonymous_3)","decl":{"start":{"line":55,"column":26},"end":{"line":55,"column":27}},"loc":{"start":{"line":55,"column":32},"end":{"line":57,"column":3}},"line":55},"4":{"name":"(anonymous_4)","decl":{"start":{"line":59,"column":27},"end":{"line":59,"column":28}},"loc":{"start":{"line":59,"column":33},"end":{"line":61,"column":3}},"line":59},"5":{"name":"(anonymous_5)","decl":{"start":{"line":63,"column":30},"end":{"line":63,"column":31}},"loc":{"start":{"line":63,"column":44},"end":{"line":73,"column":3}},"line":63},"6":{"name":"(anonymous_6)","decl":{"start":{"line":75,"column":27},"end":{"line":75,"column":28}},"loc":{"start":{"line":75,"column":38},"end":{"line":78,"column":3}},"line":75},"7":{"name":"(anonymous_7)","decl":{"start":{"line":80,"column":37},"end":{"line":80,"column":38}},"loc":{"start":{"line":80,"column":43},"end":{"line":88,"column":3}},"line":80},"8":{"name":"(anonymous_8)","decl":{"start":{"line":81,"column":15},"end":{"line":81,"column":16}},"loc":{"start":{"line":81,"column":21},"end":{"line":87,"column":5}},"line":81}},"branchMap":{"0":{"loc":{"start":{"line":98,"column":17},"end":{"line":98,"column":60}},"type":"binary-expr","locations":[{"start":{"line":98,"column":17},"end":{"line":98,"column":39}},{"start":{"line":98,"column":43},"end":{"line":98,"column":60}}],"line":98},"1":{"loc":{"start":{"line":119,"column":33},"end":{"line":119,"column":96}},"type":"binary-expr","locations":[{"start":{"line":119,"column":33},"end":{"line":119,"column":53}},{"start":{"line":119,"column":57},"end":{"line":119,"column":96}}],"line":119}},"s":{"0":1,"1":1,"2":1,"3":5,"4":5,"5":5,"6":5,"7":5,"8":4,"9":4,"10":4,"11":5,"12":1,"13":5,"14":0,"15":5,"16":0,"17":0,"18":5,"19":0,"20":0,"21":5,"22":0,"23":0,"24":0,"25":5},"f":{"0":5,"1":4,"2":4,"3":1,"4":0,"5":0,"6":0,"7":0,"8":0},"b":{"0":[5,5],"1":[5,5]},"_coverageSchema":"1a1c01bbd47fc00a2c39e90264f33305004495a9","hash":"87e9c635f0b5a523d55b25e52de221acbe8cc8fc"}
,"C:\\Users\\h'p\\Desktop\\千千\\Rice\\COMP531\\AS5\\hw5-Ericleah\\src\\reducer\\authReducer.js": {"path":"C:\\Users\\h'p\\Desktop\\千千\\Rice\\COMP531\\AS5\\hw5-Ericleah\\src\\reducer\\authReducer.js","statementMap":{"0":{"start":{"line":6,"column":21},"end":{"line":10,"column":1}},"1":{"start":{"line":12,"column":20},"end":{"line":29,"column":2}},"2":{"start":{"line":14,"column":4},"end":{"line":14,"column":39}},"3":{"start":{"line":15,"column":4},"end":{"line":15,"column":28}},"4":{"start":{"line":16,"column":4},"end":{"line":16,"column":49}},"5":{"start":{"line":19,"column":4},"end":{"line":19,"column":39}},"6":{"start":{"line":20,"column":4},"end":{"line":20,"column":28}},"7":{"start":{"line":21,"column":4},"end":{"line":21,"column":49}},"8":{"start":{"line":24,"column":4},"end":{"line":24,"column":44}},"9":{"start":{"line":25,"column":4},"end":{"line":25,"column":36}},"10":{"start":{"line":26,"column":4},"end":{"line":26,"column":29}},"11":{"start":{"line":27,"column":4},"end":{"line":27,"column":29}},"12":{"start":{"line":33,"column":26},"end":{"line":33,"column":59}},"13":{"start":{"line":33,"column":37},"end":{"line":33,"column":59}},"14":{"start":{"line":34,"column":32},"end":{"line":34,"column":64}},"15":{"start":{"line":34,"column":43},"end":{"line":34,"column":64}}},"fnMap":{"0":{"name":"(anonymous_0)","decl":{"start":{"line":13,"column":11},"end":{"line":13,"column":12}},"loc":{"start":{"line":13,"column":30},"end":{"line":17,"column":3}},"line":13},"1":{"name":"(anonymous_1)","decl":{"start":{"line":18,"column":14},"end":{"line":18,"column":15}},"loc":{"start":{"line":18,"column":33},"end":{"line":22,"column":3}},"line":18},"2":{"name":"(anonymous_2)","decl":{"start":{"line":23,"column":12},"end":{"line":23,"column":13}},"loc":{"start":{"line":23,"column":23},"end":{"line":28,"column":3}},"line":23},"3":{"name":"(anonymous_3)","decl":{"start":{"line":33,"column":26},"end":{"line":33,"column":27}},"loc":{"start":{"line":33,"column":37},"end":{"line":33,"column":59}},"line":33},"4":{"name":"(anonymous_4)","decl":{"start":{"line":34,"column":32},"end":{"line":34,"column":33}},"loc":{"start":{"line":34,"column":43},"end":{"line":34,"column":64}},"line":34}},"branchMap":{},"s":{"0":4,"1":4,"2":1,"3":1,"4":1,"5":0,"6":0,"7":0,"8":1,"9":1,"10":1,"11":1,"12":4,"13":32,"14":4,"15":0},"f":{"0":1,"1":0,"2":1,"3":32,"4":0},"b":{},"_coverageSchema":"1a1c01bbd47fc00a2c39e90264f33305004495a9","hash":"425d365f753be867a5519d5ba4bc58c944b91f3c"}
,"C:\\Users\\h'p\\Desktop\\千千\\Rice\\COMP531\\AS5\\hw5-Ericleah\\src\\reducer\\followedUsersReducer.js": {"path":"C:\\Users\\h'p\\Desktop\\千千\\Rice\\COMP531\\AS5\\hw5-Ericleah\\src\\reducer\\followedUsersReducer.js","statementMap":{"0":{"start":{"line":2,"column":21},"end":{"line":2,"column":23}},"1":{"start":{"line":4,"column":31},"end":{"line":7,"column":2}},"2":{"start":{"line":4,"column":42},"end":{"line":7,"column":1}},"3":{"start":{"line":9,"column":34},"end":{"line":12,"column":2}},"4":{"start":{"line":9,"column":45},"end":{"line":12,"column":1}},"5":{"start":{"line":14,"column":32},"end":{"line":17,"column":2}},"6":{"start":{"line":14,"column":44},"end":{"line":17,"column":1}},"7":{"start":{"line":19,"column":36},"end":{"line":38,"column":1}},"8":{"start":{"line":20,"column":2},"end":{"line":37,"column":3}},"9":{"start":{"line":22,"column":23},"end":{"line":22,"column":49}},"10":{"start":{"line":24,"column":6},"end":{"line":24,"column":22}},"11":{"start":{"line":27,"column":23},"end":{"line":27,"column":76}},"12":{"start":{"line":27,"column":46},"end":{"line":27,"column":75}},"13":{"start":{"line":28,"column":6},"end":{"line":28,"column":69}},"14":{"start":{"line":29,"column":6},"end":{"line":29,"column":22}},"15":{"start":{"line":32,"column":6},"end":{"line":32,"column":73}},"16":{"start":{"line":33,"column":6},"end":{"line":33,"column":28}},"17":{"start":{"line":36,"column":6},"end":{"line":36,"column":19}},"18":{"start":{"line":40,"column":35},"end":{"line":40,"column":65}},"19":{"start":{"line":40,"column":46},"end":{"line":40,"column":65}}},"fnMap":{"0":{"name":"(anonymous_0)","decl":{"start":{"line":4,"column":31},"end":{"line":4,"column":32}},"loc":{"start":{"line":4,"column":42},"end":{"line":7,"column":1}},"line":4},"1":{"name":"(anonymous_1)","decl":{"start":{"line":9,"column":34},"end":{"line":9,"column":35}},"loc":{"start":{"line":9,"column":45},"end":{"line":12,"column":1}},"line":9},"2":{"name":"(anonymous_2)","decl":{"start":{"line":14,"column":32},"end":{"line":14,"column":33}},"loc":{"start":{"line":14,"column":44},"end":{"line":17,"column":1}},"line":14},"3":{"name":"(anonymous_3)","decl":{"start":{"line":19,"column":36},"end":{"line":19,"column":37}},"loc":{"start":{"line":19,"column":70},"end":{"line":38,"column":1}},"line":19},"4":{"name":"(anonymous_4)","decl":{"start":{"line":27,"column":36},"end":{"line":27,"column":37}},"loc":{"start":{"line":27,"column":46},"end":{"line":27,"column":75}},"line":27},"5":{"name":"(anonymous_5)","decl":{"start":{"line":40,"column":35},"end":{"line":40,"column":36}},"loc":{"start":{"line":40,"column":46},"end":{"line":40,"column":65}},"line":40}},"branchMap":{"0":{"loc":{"start":{"line":19,"column":37},"end":{"line":19,"column":57}},"type":"default-arg","locations":[{"start":{"line":19,"column":45},"end":{"line":19,"column":57}}],"line":19},"1":{"loc":{"start":{"line":20,"column":2},"end":{"line":37,"column":3}},"type":"switch","locations":[{"start":{"line":21,"column":4},"end":{"line":25,"column":5}},{"start":{"line":26,"column":4},"end":{"line":30,"column":5}},{"start":{"line":31,"column":4},"end":{"line":34,"column":5}},{"start":{"line":35,"column":4},"end":{"line":36,"column":19}}],"line":20}},"s":{"0":1,"1":1,"2":0,"3":1,"4":0,"5":1,"6":0,"7":1,"8":0,"9":0,"10":0,"11":0,"12":0,"13":0,"14":0,"15":0,"16":0,"17":0,"18":1,"19":8},"f":{"0":0,"1":0,"2":0,"3":0,"4":0,"5":8},"b":{"0":[0],"1":[0,0,0,0]},"_coverageSchema":"1a1c01bbd47fc00a2c39e90264f33305004495a9","hash":"28c1541ebbbdeec4ee5f08ee483c17b72eaf97b7"}
,"C:\\Users\\h'p\\Desktop\\千千\\Rice\\COMP531\\AS5\\hw5-Ericleah\\src\\reducer\\postsReducer.js": {"path":"C:\\Users\\h'p\\Desktop\\千千\\Rice\\COMP531\\AS5\\hw5-Ericleah\\src\\reducer\\postsReducer.js","statementMap":{"0":{"start":{"line":6,"column":21},"end":{"line":9,"column":1}},"1":{"start":{"line":11,"column":21},"end":{"line":27,"column":1}},"2":{"start":{"line":12,"column":2},"end":{"line":26,"column":3}},"3":{"start":{"line":14,"column":6},"end":{"line":17,"column":8}},"4":{"start":{"line":19,"column":6},"end":{"line":22,"column":8}},"5":{"start":{"line":25,"column":6},"end":{"line":25,"column":19}},"6":{"start":{"line":29,"column":27},"end":{"line":29,"column":55}},"7":{"start":{"line":29,"column":38},"end":{"line":29,"column":55}}},"fnMap":{"0":{"name":"(anonymous_0)","decl":{"start":{"line":11,"column":21},"end":{"line":11,"column":22}},"loc":{"start":{"line":11,"column":55},"end":{"line":27,"column":1}},"line":11},"1":{"name":"(anonymous_1)","decl":{"start":{"line":29,"column":27},"end":{"line":29,"column":28}},"loc":{"start":{"line":29,"column":38},"end":{"line":29,"column":55}},"line":29}},"branchMap":{"0":{"loc":{"start":{"line":11,"column":22},"end":{"line":11,"column":42}},"type":"default-arg","locations":[{"start":{"line":11,"column":30},"end":{"line":11,"column":42}}],"line":11},"1":{"loc":{"start":{"line":12,"column":2},"end":{"line":26,"column":3}},"type":"switch","locations":[{"start":{"line":13,"column":4},"end":{"line":17,"column":8}},{"start":{"line":18,"column":4},"end":{"line":22,"column":8}},{"start":{"line":24,"column":4},"end":{"line":25,"column":19}}],"line":12}},"s":{"0":1,"1":1,"2":0,"3":0,"4":0,"5":0,"6":1,"7":8},"f":{"0":0,"1":8},"b":{"0":[0],"1":[0,0,0]},"_coverageSchema":"1a1c01bbd47fc00a2c39e90264f33305004495a9","hash":"14ccbdc056180d35625ecb5ed951b9543af6a19d"}
}
