TN:
SF:src\actions\authActions.js
FNF:0
FNH:0
DA:4,3
DA:5,3
DA:6,3
LF:3
LH:3
BRF:0
BRH:0
end_of_record
TN:
SF:src\components\post\Post.jsx
FN:5,(anonymous_0)
FN:9,(anonymous_1)
FN:10,(anonymous_2)
FN:15,(anonymous_3)
FN:16,(anonymous_4)
FN:21,(anonymous_5)
FN:22,(anonymous_6)
FNF:7
FNH:5
FNDA:7,(anonymous_0)
FNDA:1,(anonymous_1)
FNDA:1,(anonymous_2)
FNDA:1,(anonymous_3)
FNDA:1,(anonymous_4)
FNDA:0,(anonymous_5)
FNDA:0,(anonymous_6)
DA:5,2
DA:6,7
DA:7,7
DA:9,7
DA:10,1
DA:11,1
DA:15,7
DA:16,1
DA:17,1
DA:21,7
DA:22,0
DA:26,7
DA:30,7
LF:13
LH:12
BRDA:11,0,0,0
BRDA:11,0,1,1
BRDA:17,1,0,0
BRDA:17,1,1,1
BRDA:46,2,0,7
BRDA:46,2,1,7
BRDA:48,3,0,7
BRDA:48,3,1,7
BRDA:57,4,0,7
BRDA:57,4,1,7
BRDA:66,5,0,0
BRDA:66,5,1,7
BRDA:72,6,0,7
BRDA:72,6,1,0
BRDA:72,7,0,0
BRDA:72,7,1,0
BRF:16
BRH:10
end_of_record
TN:
SF:src\components\posts\Posts.jsx
FN:12,(anonymous_0)
FN:21,(anonymous_1)
FN:32,(anonymous_2)
FN:58,(anonymous_3)
FN:82,(anonymous_4)
FN:114,(anonymous_5)
FN:147,(anonymous_6)
FNF:7
FNH:5
FNDA:4,(anonymous_0)
FNDA:0,(anonymous_1)
FNDA:4,(anonymous_2)
FNDA:4,(anonymous_3)
FNDA:4,(anonymous_4)
FNDA:2,(anonymous_5)
FNDA:0,(anonymous_6)
DA:12,1
DA:13,4
DA:14,4
DA:15,4
DA:16,4
DA:17,4
DA:18,4
DA:21,4
DA:22,0
DA:32,4
DA:33,4
DA:45,4
DA:58,4
DA:59,4
DA:60,4
DA:61,4
DA:63,4
DA:65,4
DA:66,4
DA:70,4
DA:71,0
DA:75,4
DA:76,4
DA:78,4
DA:79,0
DA:82,4
DA:83,4
DA:84,4
DA:93,4
DA:96,4
DA:97,4
DA:98,4
DA:99,4
DA:103,4
DA:104,0
DA:107,4
DA:108,4
DA:110,4
DA:111,0
DA:114,4
DA:115,2
DA:116,2
DA:125,4
DA:128,4
DA:130,0
DA:137,4
DA:140,4
DA:144,4
DA:148,0
LF:49
LH:42
BRDA:14,0,0,4
BRDA:14,0,1,4
BRDA:18,1,0,0
BRDA:23,2,0,0
BRDA:23,2,1,0
BRDA:23,3,0,0
BRDA:23,3,1,0
BRDA:26,4,0,0
BRDA:26,4,1,0
BRDA:70,5,0,0
BRDA:70,5,1,4
BRDA:76,6,0,4
BRDA:76,6,1,0
BRDA:78,7,0,0
BRDA:78,7,1,4
BRDA:83,8,0,4
BRDA:83,8,1,0
BRDA:103,9,0,0
BRDA:103,9,1,4
BRDA:108,10,0,3
BRDA:108,10,1,1
BRDA:110,11,0,0
BRDA:110,11,1,4
BRDA:115,12,0,2
BRDA:115,12,1,0
BRF:25
BRH:11
end_of_record
TN:
SF:src\pages\login\Login.jsx
FN:60,(anonymous_0)
FN:67,(anonymous_1)
FN:83,(anonymous_2)
FN:114,(anonymous_3)
FN:120,(anonymous_4)
FNF:5
FNH:5
FNDA:11,(anonymous_0)
FNDA:3,(anonymous_1)
FNDA:1,(anonymous_2)
FNDA:3,(anonymous_3)
FNDA:3,(anonymous_4)
DA:12,1
DA:24,1
DA:32,1
DA:48,1
DA:60,1
DA:61,11
DA:62,11
DA:63,11
DA:64,11
DA:65,11
DA:67,11
DA:68,3
DA:70,3
DA:73,3
DA:74,3
DA:76,3
DA:78,1
DA:79,1
DA:80,1
DA:83,1
DA:85,1
DA:95,1
DA:97,2
DA:101,11
DA:114,3
DA:120,3
LF:26
LH:26
BRDA:76,0,0,1
BRDA:76,0,1,2
BRDA:76,1,0,3
BRDA:76,1,1,1
BRDA:92,2,0,1
BRDA:92,2,1,0
BRDA:122,3,0,11
BRDA:122,3,1,1
BRF:8
BRH:7
end_of_record
TN:
SF:src\pages\profile\Profile.jsx
FN:39,(anonymous_0)
FN:45,(anonymous_1)
FN:50,(anonymous_2)
FN:55,(anonymous_3)
FN:59,(anonymous_4)
FN:63,(anonymous_5)
FNF:6
FNH:4
FNDA:5,(anonymous_0)
FNDA:4,(anonymous_1)
FNDA:4,(anonymous_2)
FNDA:1,(anonymous_3)
FNDA:0,(anonymous_4)
FNDA:0,(anonymous_5)
DA:17,1
DA:29,1
DA:39,1
DA:40,5
DA:41,5
DA:42,5
DA:43,5
DA:45,5
DA:47,4
DA:50,4
DA:51,4
DA:55,5
DA:56,1
DA:59,5
DA:60,0
DA:63,5
DA:64,0
DA:72,0
DA:76,5
LF:19
LH:16
BRDA:84,0,0,5
BRDA:84,0,1,5
BRDA:104,1,0,5
BRDA:104,1,1,5
BRF:4
BRH:4
end_of_record
